<?xml version="1.0" encoding="UTF-8"?>
<!-- Generated by org.testng.reporters.JUnitReportReporter -->
<testsuite hostname="DESKTOP-QP2DH06" failures="0" tests="1" name="OnlineShoppingApp.E2EProject.PurchasingItem" time="16.063" errors="0" timestamp="2021-06-10T12:18:33 IST" skipped="0">
  <testcase classname="OnlineShoppingApp.E2EProject.PurchasingItem" name="SpeakerEndToEndTest" time="16.063"/>
  <system-out/>
</testsuite> <!-- OnlineShoppingApp.E2EProject.PurchasingItem -->
