<?xml version="1.0" encoding="UTF-8"?>
<!-- Generated by org.testng.reporters.JUnitReportReporter -->
<testsuite hostname="DESKTOP-QP2DH06" failures="0" tests="1" name="OnlineShoppingApp.E2EProject.LaptopsTest" time="7.471" errors="0" timestamp="2021-06-10T08:56:59 IST" skipped="0">
  <testcase classname="OnlineShoppingApp.E2EProject.LaptopsTest" name="verifyMicePageURL" time="7.471"/>
  <system-out/>
</testsuite> <!-- OnlineShoppingApp.E2EProject.LaptopsTest -->
