<?xml version="1.0" encoding="UTF-8"?>
<!-- Generated by org.testng.reporters.JUnitReportReporter -->
<testsuite hostname="DESKTOP-QP2DH06" failures="0" tests="1" name="OnlineShoppingApp.E2EProject.TabletsTest" time="7.114" errors="0" timestamp="2021-06-10T08:53:42 IST" skipped="0">
  <testcase classname="OnlineShoppingApp.E2EProject.TabletsTest" name="verifyMicePageURL" time="7.114"/>
  <system-out/>
</testsuite> <!-- OnlineShoppingApp.E2EProject.TabletsTest -->
